<?xml version="1.0" encoding="UTF-8"?>
<testsuite xmlns:xsi="http://www.w3.org/2001/XMLSchema-instance" xsi:noNamespaceSchemaLocation="https://maven.apache.org/surefire/maven-surefire-plugin/xsd/surefire-test-report.xsd" name="com.manoelcampos.tdd.MathUtilMdcTest" time="0.035" tests="15" errors="0" skipped="0" failures="0">
  <properties>
[...]
</properties>
  <testcase name="testMdc_DiversosResultadoMaior1" classname="com.manoelcampos.tdd.MathUtilMdcTest" time="0"/>
  <testcase name="testMdc_P12_obtidoadoPrimo" classname="com.manoelcampos.tdd.MathUtilMdcTest" time="0"/>
  <testcase name="testMdc_obtidoadoIgual1" classname="com.manoelcampos.tdd.MathUtilMdcTest" time="0"/>
  <testcase name="testMdc_P3_Quando_A_Positivo" classname="com.manoelcampos.tdd.MathUtilMdcTest" time="0"/>
  <testcase name="testMdc_P3_Quando_A_Negativo" classname="com.manoelcampos.tdd.MathUtilMdcTest" time="0"/>
  <testcase name="testMdc_DiversosResultado1" classname="com.manoelcampos.tdd.MathUtilMdcTest" time="0"/>
  <testcase name="testMdcParaCasoGeral" classname="com.manoelcampos.tdd.MathUtilMdcTest" time="0"/>
  <testcase name="testMdc_P12_obtidoadoIgual1" classname="com.manoelcampos.tdd.MathUtilMdcTest" time="0.002"/>
  <testcase name="testMdc_P1_Quando_B_Positivo" classname="com.manoelcampos.tdd.MathUtilMdcTest" time="0.002"/>
  <testcase name="testMdc_P1_Quando_B_Negativo" classname="com.manoelcampos.tdd.MathUtilMdcTest" time="0.002"/>
  <testcase name="testMdc_P4" classname="com.manoelcampos.tdd.MathUtilMdcTest" time="0.005"/>
  <testcase name="testMdc_P5" classname="com.manoelcampos.tdd.MathUtilMdcTest" time="0.002"/>
  <testcase name="testMdc_P6" classname="com.manoelcampos.tdd.MathUtilMdcTest" time="0.001"/>
  <testcase name="testMdc_P7" classname="com.manoelcampos.tdd.MathUtilMdcTest" time="0.001"/>
  <testcase name="testMdc_P8" classname="com.manoelcampos.tdd.MathUtilMdcTest" time="0.001"/>
</testsuite>